#
# There is insufficient memory for the Java Runtime Environment to continue.
# Native memory allocation (malloc) failed to allocate 1018256 bytes for Chunk::new
# Possible reasons:
#   The system is out of physical RAM or swap space
#   The process is running with CompressedOops enabled, and the Java Heap may be blocking the growth of the native heap
# Possible solutions:
#   Reduce memory load on the system
#   Increase physical memory or swap space
#   Check if swap backing store is full
#   Decrease Java heap size (-Xmx/-Xms)
#   Decrease number of Java threads
#   Decrease Java thread stack sizes (-Xss)
#   Set larger code cache with -XX:ReservedCodeCacheSize=
#   JVM is running with Unscaled Compressed Oops mode in which the Java heap is
#     placed in the first 4GB address space. The Java Heap base address is the
#     maximum limit for the native heap growth. Please use -XX:HeapBaseMinAddress
#     to set the Java Heap base and to place the Java Heap above 4GB virtual address.
# This output file may be truncated or incomplete.
#
#  Out of Memory Error (arena.cpp:189), pid=35956, tid=24004
#
# JRE version: OpenJDK Runtime Environment Temurin-17.0.7+7 (17.0.7+7) (build 17.0.7+7)
# Java VM: OpenJDK 64-Bit Server VM Temurin-17.0.7+7 (17.0.7+7, mixed mode, tiered, compressed oops, compressed class ptrs, g1 gc, windows-amd64)
# No core dump will be written. Minidumps are not enabled by default on client versions of Windows
#

---------------  S U M M A R Y ------------

Command Line: -Dfile.encoding=UTF-8 -XX:+ShowCodeDetailsInExceptionMessages org.capston.mymovie.MyMoviePlanApplication

Host: Intel(R) Core(TM) i5-10210U CPU @ 1.60GHz, 8 cores, 3G,  Windows 11 , 64 bit Build 22621 (10.0.22621.2506)
Time: Sun Dec  3 15:10:39 2023 India Standard Time elapsed time: 2843.136077 seconds (0d 0h 47m 23s)

---------------  T H R E A D  ---------------

Current thread (0x0000023df6be75a0):  JavaThread "C2 CompilerThread0" daemon [_thread_in_native, id=24004, stack(0x000000c9ba900000,0x000000c9baa00000)]


Current CompileTask:
C2:2843136 11705   !   4       org.springframework.web.servlet.mvc.method.annotation.RequestMappingHandlerAdapter::handleInternal (129 bytes)

Stack: [0x000000c9ba900000,0x000000c9baa00000]
Native frames: (J=compiled Java code, j=interpreted, Vv=VM code, C=native code)
V  [jvm.dll+0x67754a]
V  [jvm.dll+0x834304]
V  [jvm.dll+0x835aae]
V  [jvm.dll+0x836113]
V  [jvm.dll+0x24696f]
V  [jvm.dll+0xac0ac]
V  [jvm.dll+0xac67c]
V  [jvm.dll+0x2adbef]
V  [jvm.dll+0x580067]
V  [jvm.dll+0x221e72]
V  [jvm.dll+0x21b039]
V  [jvm.dll+0x21895b]
V  [jvm.dll+0x1a4d8d]
V  [jvm.dll+0x2284da]
V  [jvm.dll+0x226615]
V  [jvm.dll+0x7ea90b]
V  [jvm.dll+0x7e4e7a]
V  [jvm.dll+0x676395]
C  [ucrtbase.dll+0x29363]
C  [KERNEL32.DLL+0x1257d]
C  [ntdll.dll+0x5aa58]


---------------  P R O C E S S  ---------------

Threads class SMR info:
_java_thread_list=0x0000023dfdfcae90, length=31, elements={
0x0000023df6a60c40, 0x0000023df6a61ab0, 0x0000023df6a69150, 0x0000023df6a69d00,
0x0000023df6a6acc0, 0x0000023df6a6b670, 0x0000023df6be75a0, 0x0000023df6a9f020,
0x0000023df6ab6100, 0x0000023df6d37640, 0x0000023df6d58800, 0x0000023dfd063670,
0x0000023dfc490610, 0x0000023dfb397270, 0x0000023dfc919890, 0x0000023dfb61b240,
0x0000023dfb61b710, 0x0000023dfb61e730, 0x0000023dfb61bbe0, 0x0000023dfb61c580,
0x0000023dfb61d8c0, 0x0000023dfb61ca50, 0x0000023dfb61e260, 0x0000023dfb61d3f0,
0x0000023dfb61dd90, 0x0000023dfb61ad70, 0x0000023dfd1f5460, 0x0000023dfd1f2440,
0x0000023dfd1f4f90, 0x0000023dfd1efdc0, 0x0000023dfd1f3c50
}

Java Threads: ( => current thread )
  0x0000023df6a60c40 JavaThread "Reference Handler" daemon [_thread_blocked, id=12156, stack(0x000000c9ba300000,0x000000c9ba400000)]
  0x0000023df6a61ab0 JavaThread "Finalizer" daemon [_thread_blocked, id=3264, stack(0x000000c9ba400000,0x000000c9ba500000)]
  0x0000023df6a69150 JavaThread "Signal Dispatcher" daemon [_thread_blocked, id=31884, stack(0x000000c9ba500000,0x000000c9ba600000)]
  0x0000023df6a69d00 JavaThread "Attach Listener" daemon [_thread_blocked, id=18332, stack(0x000000c9ba600000,0x000000c9ba700000)]
  0x0000023df6a6acc0 JavaThread "Service Thread" daemon [_thread_blocked, id=23596, stack(0x000000c9ba700000,0x000000c9ba800000)]
  0x0000023df6a6b670 JavaThread "Monitor Deflation Thread" daemon [_thread_blocked, id=15856, stack(0x000000c9ba800000,0x000000c9ba900000)]
=>0x0000023df6be75a0 JavaThread "C2 CompilerThread0" daemon [_thread_in_native, id=24004, stack(0x000000c9ba900000,0x000000c9baa00000)]
  0x0000023df6a9f020 JavaThread "C1 CompilerThread0" daemon [_thread_blocked, id=15652, stack(0x000000c9baa00000,0x000000c9bab00000)]
  0x0000023df6ab6100 JavaThread "Sweeper thread" daemon [_thread_blocked, id=1872, stack(0x000000c9bab00000,0x000000c9bac00000)]
  0x0000023df6d37640 JavaThread "Notification Thread" daemon [_thread_blocked, id=32100, stack(0x000000c9bac00000,0x000000c9bad00000)]
  0x0000023df6d58800 JavaThread "Common-Cleaner" daemon [_thread_blocked, id=27976, stack(0x000000c9bae00000,0x000000c9baf00000)]
  0x0000023dfd063670 JavaThread "Catalina-utility-1" [_thread_blocked, id=33788, stack(0x000000c9bb600000,0x000000c9bb700000)]
  0x0000023dfc490610 JavaThread "Catalina-utility-2" [_thread_blocked, id=32580, stack(0x000000c9bba00000,0x000000c9bbb00000)]
  0x0000023dfb397270 JavaThread "container-0" [_thread_blocked, id=2432, stack(0x000000c9bbb00000,0x000000c9bbc00000)]
  0x0000023dfc919890 JavaThread "mysql-cj-abandoned-connection-cleanup" daemon [_thread_blocked, id=36580, stack(0x000000c9bbc00000,0x000000c9bbd00000)]
  0x0000023dfb61b240 JavaThread "HikariPool-1 housekeeper" daemon [_thread_blocked, id=34616, stack(0x000000c9bbe00000,0x000000c9bbf00000)]
  0x0000023dfb61b710 JavaThread "File Watcher" daemon [_thread_blocked, id=21684, stack(0x000000c9bbf00000,0x000000c9bc000000)]
  0x0000023dfb61e730 JavaThread "Live Reload Server" daemon [_thread_in_native, id=11936, stack(0x000000c9bc100000,0x000000c9bc200000)]
  0x0000023dfb61bbe0 JavaThread "http-nio-1055-exec-1" daemon [_thread_blocked, id=17500, stack(0x000000c9bc000000,0x000000c9bc100000)]
  0x0000023dfb61c580 JavaThread "http-nio-1055-exec-2" daemon [_thread_blocked, id=33356, stack(0x000000c9bc200000,0x000000c9bc300000)]
  0x0000023dfb61d8c0 JavaThread "http-nio-1055-exec-3" daemon [_thread_blocked, id=36416, stack(0x000000c9bc300000,0x000000c9bc400000)]
  0x0000023dfb61ca50 JavaThread "http-nio-1055-exec-4" daemon [_thread_blocked, id=36776, stack(0x000000c9bc400000,0x000000c9bc500000)]
  0x0000023dfb61e260 JavaThread "http-nio-1055-exec-5" daemon [_thread_blocked, id=36412, stack(0x000000c9bc500000,0x000000c9bc600000)]
  0x0000023dfb61d3f0 JavaThread "http-nio-1055-exec-6" daemon [_thread_blocked, id=264, stack(0x000000c9bc600000,0x000000c9bc700000)]
  0x0000023dfb61dd90 JavaThread "http-nio-1055-exec-7" daemon [_thread_blocked, id=30676, stack(0x000000c9bc700000,0x000000c9bc800000)]
  0x0000023dfb61ad70 JavaThread "http-nio-1055-exec-8" daemon [_thread_blocked, id=36000, stack(0x000000c9bc800000,0x000000c9bc900000)]
  0x0000023dfd1f5460 JavaThread "http-nio-1055-exec-9" daemon [_thread_blocked, id=1188, stack(0x000000c9bc900000,0x000000c9bca00000)]
  0x0000023dfd1f2440 JavaThread "http-nio-1055-exec-10" daemon [_thread_blocked, id=21036, stack(0x000000c9bca00000,0x000000c9bcb00000)]
  0x0000023dfd1f4f90 JavaThread "http-nio-1055-Poller" daemon [_thread_in_native, id=34860, stack(0x000000c9bcb00000,0x000000c9bcc00000)]
  0x0000023dfd1efdc0 JavaThread "http-nio-1055-Acceptor" daemon [_thread_in_native, id=16860, stack(0x000000c9bcc00000,0x000000c9bcd00000)]
  0x0000023dfd1f3c50 JavaThread "DestroyJavaVM" [_thread_blocked, id=35412, stack(0x000000c9b9c00000,0x000000c9b9d00000)]

Other Threads:
  0x0000023df6a04480 VMThread "VM Thread" [stack: 0x000000c9ba200000,0x000000c9ba300000] [id=15140]
  0x0000023df6d39b20 WatcherThread [stack: 0x000000c9bad00000,0x000000c9bae00000] [id=4116]
  0x0000023dee25e810 GCTaskThread "GC Thread#0" [stack: 0x000000c9b9d00000,0x000000c9b9e00000] [id=33632]
  0x0000023dfb9576c0 GCTaskThread "GC Thread#1" [stack: 0x000000c9bb100000,0x000000c9bb200000] [id=30972]
  0x0000023dfb9c73e0 GCTaskThread "GC Thread#2" [stack: 0x000000c9bb200000,0x000000c9bb300000] [id=25136]
  0x0000023dfb9c7690 GCTaskThread "GC Thread#3" [stack: 0x000000c9bb300000,0x000000c9bb400000] [id=29632]
  0x0000023dfb9c7940 GCTaskThread "GC Thread#4" [stack: 0x000000c9bb400000,0x000000c9bb500000] [id=3420]
  0x0000023dfba1a710 GCTaskThread "GC Thread#5" [stack: 0x000000c9bb500000,0x000000c9bb600000] [id=26164]
  0x0000023dfbc762d0 GCTaskThread "GC Thread#6" [stack: 0x000000c9bb700000,0x000000c9bb800000] [id=13624]
  0x0000023dfbc6e450 GCTaskThread "GC Thread#7" [stack: 0x000000c9bb800000,0x000000c9bb900000] [id=22500]
  0x0000023dee2678f0 ConcurrentGCThread "G1 Main Marker" [stack: 0x000000c9b9e00000,0x000000c9b9f00000] [id=17652]
  0x0000023dee268300 ConcurrentGCThread "G1 Conc#0" [stack: 0x000000c9b9f00000,0x000000c9ba000000] [id=19072]
  0x0000023dfbc7c5d0 ConcurrentGCThread "G1 Conc#1" [stack: 0x000000c9bb900000,0x000000c9bba00000] [id=20492]
  0x0000023dee2ba620 ConcurrentGCThread "G1 Refine#0" [stack: 0x000000c9ba000000,0x000000c9ba100000] [id=32124]
  0x0000023dfc4edca0 ConcurrentGCThread "G1 Refine#1" [stack: 0x000000c9b9900000,0x000000c9b9a00000] [id=35112]
  0x0000023dee2bc050 ConcurrentGCThread "G1 Service" [stack: 0x000000c9ba100000,0x000000c9ba200000] [id=29792]

Threads with active compile tasks:
C2 CompilerThread0  2843420 11705   !   4       org.springframework.web.servlet.mvc.method.annotation.RequestMappingHandlerAdapter::handleInternal (129 bytes)

VM state: not at safepoint (normal execution)

VM Mutex/Monitor currently owned by a thread: None

Heap address: 0x00000000c3000000, size: 976 MB, Compressed Oops mode: 32-bit

CDS archive(s) not mapped
Compressed class space mapped at: 0x0000000100000000-0x0000000140000000, reserved size: 1073741824
Narrow klass base: 0x0000000000000000, Narrow klass shift: 3, Narrow klass range: 0x140000000

GC Precious Log:
 CPUs: 8 total, 8 available
 Memory: 3899M
 Large Page Support: Disabled
 NUMA Support: Disabled
 Compressed Oops: Enabled (32-bit)
 Heap Region Size: 1M
 Heap Min Capacity: 8M
 Heap Initial Capacity: 62M
 Heap Max Capacity: 976M
 Pre-touch: Disabled
 Parallel Workers: 8
 Concurrent Workers: 2
 Concurrent Refinement Workers: 8
 Periodic GC: Disabled

Heap:
 garbage-first heap   total 122880K, used 74394K [0x00000000c3000000, 0x0000000100000000)
  region size 1024K, 48 young (49152K), 1 survivors (1024K)
 Metaspace       used 79814K, committed 80512K, reserved 1179648K
  class space    used 9935K, committed 10240K, reserved 1048576K

Heap Regions: E=young(eden), S=young(survivor), O=old, HS=humongous(starts), HC=humongous(continues), CS=collection set, F=free, OA=open archive, CA=closed archive, TAMS=top-at-mark-start (previous, next)
|   0|0x00000000c3000000, 0x00000000c3100000, 0x00000000c3100000|100%|HS|  |TAMS 0x00000000c3100000, 0x00000000c3000000| Complete 
|   1|0x00000000c3100000, 0x00000000c3200000, 0x00000000c3200000|100%| O|  |TAMS 0x00000000c3200000, 0x00000000c3100000| Untracked 
|   2|0x00000000c3200000, 0x00000000c3300000, 0x00000000c3300000|100%| O|  |TAMS 0x00000000c3300000, 0x00000000c3200000| Untracked 
|   3|0x00000000c3300000, 0x00000000c3400000, 0x00000000c3400000|100%| O|  |TAMS 0x00000000c3400000, 0x00000000c3300000| Untracked 
|   4|0x00000000c3400000, 0x00000000c3500000, 0x00000000c3500000|100%| O|  |TAMS 0x00000000c3500000, 0x00000000c3400000| Untracked 
|   5|0x00000000c3500000, 0x00000000c3600000, 0x00000000c3600000|100%| O|  |TAMS 0x00000000c3600000, 0x00000000c3500000| Untracked 
|   6|0x00000000c3600000, 0x00000000c3700000, 0x00000000c3700000|100%| O|  |TAMS 0x00000000c3700000, 0x00000000c3600000| Untracked 
|   7|0x00000000c3700000, 0x00000000c3800000, 0x00000000c3800000|100%| O|  |TAMS 0x00000000c3800000, 0x00000000c3700000| Untracked 
|   8|0x00000000c3800000, 0x00000000c385dc00, 0x00000000c3900000| 36%| O|  |TAMS 0x00000000c384da00, 0x00000000c3800000| Untracked 
|   9|0x00000000c3900000, 0x00000000c3a00000, 0x00000000c3a00000|100%| O|  |TAMS 0x00000000c3a00000, 0x00000000c3900000| Untracked 
|  10|0x00000000c3a00000, 0x00000000c3b00000, 0x00000000c3b00000|100%| O|  |TAMS 0x00000000c3b00000, 0x00000000c3a00000| Untracked 
|  11|0x00000000c3b00000, 0x00000000c3c00000, 0x00000000c3c00000|100%| O|  |TAMS 0x00000000c3c00000, 0x00000000c3b00000| Untracked 
|  12|0x00000000c3c00000, 0x00000000c3d00000, 0x00000000c3d00000|100%| O|  |TAMS 0x00000000c3d00000, 0x00000000c3c00000| Untracked 
|  13|0x00000000c3d00000, 0x00000000c3e00000, 0x00000000c3e00000|100%| O|  |TAMS 0x00000000c3e00000, 0x00000000c3d00000| Untracked 
|  14|0x00000000c3e00000, 0x00000000c3f00000, 0x00000000c3f00000|100%| O|  |TAMS 0x00000000c3f00000, 0x00000000c3e00000| Untracked 
|  15|0x00000000c3f00000, 0x00000000c4000000, 0x00000000c4000000|100%| O|  |TAMS 0x00000000c4000000, 0x00000000c3f00000| Untracked 
|  16|0x00000000c4000000, 0x00000000c4100000, 0x00000000c4100000|100%| O|  |TAMS 0x00000000c4100000, 0x00000000c4000000| Untracked 
|  17|0x00000000c4100000, 0x00000000c4200000, 0x00000000c4200000|100%| O|  |TAMS 0x00000000c4200000, 0x00000000c4100000| Untracked 
|  18|0x00000000c4200000, 0x00000000c4300000, 0x00000000c4300000|100%| O|  |TAMS 0x00000000c4300000, 0x00000000c4200000| Untracked 
|  19|0x00000000c4300000, 0x00000000c4300000, 0x00000000c4400000|  0%| F|  |TAMS 0x00000000c4300000, 0x00000000c4300000| Untracked 
|  20|0x00000000c4400000, 0x00000000c4400000, 0x00000000c4500000|  0%| F|  |TAMS 0x00000000c4400000, 0x00000000c4400000| Untracked 
|  21|0x00000000c4500000, 0x00000000c4600000, 0x00000000c4600000|100%| O|  |TAMS 0x00000000c4600000, 0x00000000c4500000| Untracked 
|  22|0x00000000c4600000, 0x00000000c4600000, 0x00000000c4700000|  0%| F|  |TAMS 0x00000000c4600000, 0x00000000c4600000| Untracked 
|  23|0x00000000c4700000, 0x00000000c4800000, 0x00000000c4800000|100%| O|  |TAMS 0x00000000c4800000, 0x00000000c4700000| Untracked 
|  24|0x00000000c4800000, 0x00000000c4800000, 0x00000000c4900000|  0%| F|  |TAMS 0x00000000c4800000, 0x00000000c4800000| Untracked 
|  25|0x00000000c4900000, 0x00000000c4a00000, 0x00000000c4a00000|100%| O|  |TAMS 0x00000000c4a00000, 0x00000000c4900000| Untracked 
|  26|0x00000000c4a00000, 0x00000000c4a00000, 0x00000000c4b00000|  0%| F|  |TAMS 0x00000000c4a00000, 0x00000000c4a00000| Untracked 
|  27|0x00000000c4b00000, 0x00000000c4c00000, 0x00000000c4c00000|100%| O|  |TAMS 0x00000000c4c00000, 0x00000000c4b00000| Untracked 
|  28|0x00000000c4c00000, 0x00000000c4d00000, 0x00000000c4d00000|100%| O|  |TAMS 0x00000000c4d00000, 0x00000000c4c00000| Untracked 
|  29|0x00000000c4d00000, 0x00000000c4e00000, 0x00000000c4e00000|100%| O|  |TAMS 0x00000000c4e00000, 0x00000000c4d00000| Untracked 
|  30|0x00000000c4e00000, 0x00000000c4f00000, 0x00000000c4f00000|100%| O|  |TAMS 0x00000000c4f00000, 0x00000000c4e00000| Untracked 
|  31|0x00000000c4f00000, 0x00000000c5000000, 0x00000000c5000000|100%| O|  |TAMS 0x00000000c5000000, 0x00000000c4f00000| Untracked 
|  32|0x00000000c5000000, 0x00000000c5000000, 0x00000000c5100000|  0%| F|  |TAMS 0x00000000c5000000, 0x00000000c5000000| Untracked 
|  33|0x00000000c5100000, 0x00000000c5100000, 0x00000000c5200000|  0%| F|  |TAMS 0x00000000c5100000, 0x00000000c5100000| Untracked 
|  34|0x00000000c5200000, 0x00000000c5200000, 0x00000000c5300000|  0%| F|  |TAMS 0x00000000c5200000, 0x00000000c5200000| Untracked 
|  35|0x00000000c5300000, 0x00000000c5300000, 0x00000000c5400000|  0%| F|  |TAMS 0x00000000c5300000, 0x00000000c5300000| Untracked 
|  36|0x00000000c5400000, 0x00000000c5400000, 0x00000000c5500000|  0%| F|  |TAMS 0x00000000c5400000, 0x00000000c5400000| Untracked 
|  37|0x00000000c5500000, 0x00000000c5500000, 0x00000000c5600000|  0%| F|  |TAMS 0x00000000c5500000, 0x00000000c5500000| Untracked 
|  38|0x00000000c5600000, 0x00000000c5600000, 0x00000000c5700000|  0%| F|  |TAMS 0x00000000c5600000, 0x00000000c5600000| Untracked 
|  39|0x00000000c5700000, 0x00000000c5700000, 0x00000000c5800000|  0%| F|  |TAMS 0x00000000c5700000, 0x00000000c5700000| Untracked 
|  40|0x00000000c5800000, 0x00000000c5800000, 0x00000000c5900000|  0%| F|  |TAMS 0x00000000c5800000, 0x00000000c5800000| Untracked 
|  41|0x00000000c5900000, 0x00000000c5900000, 0x00000000c5a00000|  0%| F|  |TAMS 0x00000000c5900000, 0x00000000c5900000| Untracked 
|  42|0x00000000c5a00000, 0x00000000c5a00000, 0x00000000c5b00000|  0%| F|  |TAMS 0x00000000c5a00000, 0x00000000c5a00000| Untracked 
|  43|0x00000000c5b00000, 0x00000000c5b00000, 0x00000000c5c00000|  0%| F|  |TAMS 0x00000000c5b00000, 0x00000000c5b00000| Untracked 
|  44|0x00000000c5c00000, 0x00000000c5c00000, 0x00000000c5d00000|  0%| F|  |TAMS 0x00000000c5c00000, 0x00000000c5c00000| Untracked 
|  45|0x00000000c5d00000, 0x00000000c5d00000, 0x00000000c5e00000|  0%| F|  |TAMS 0x00000000c5d00000, 0x00000000c5d00000| Untracked 
|  46|0x00000000c5e00000, 0x00000000c5e00000, 0x00000000c5f00000|  0%| F|  |TAMS 0x00000000c5e00000, 0x00000000c5e00000| Untracked 
|  47|0x00000000c5f00000, 0x00000000c5f00000, 0x00000000c6000000|  0%| F|  |TAMS 0x00000000c5f00000, 0x00000000c5f00000| Untracked 
|  48|0x00000000c6000000, 0x00000000c6048fb0, 0x00000000c6100000| 28%| S|CS|TAMS 0x00000000c6000000, 0x00000000c6000000| Complete 
|  49|0x00000000c6100000, 0x00000000c6100000, 0x00000000c6200000|  0%| F|  |TAMS 0x00000000c6100000, 0x00000000c6100000| Untracked 
|  50|0x00000000c6200000, 0x00000000c6200000, 0x00000000c6300000|  0%| F|  |TAMS 0x00000000c6200000, 0x00000000c6200000| Untracked 
|  51|0x00000000c6300000, 0x00000000c6300000, 0x00000000c6400000|  0%| F|  |TAMS 0x00000000c6300000, 0x00000000c6300000| Untracked 
|  52|0x00000000c6400000, 0x00000000c6400000, 0x00000000c6500000|  0%| F|  |TAMS 0x00000000c6400000, 0x00000000c6400000| Untracked 
|  53|0x00000000c6500000, 0x00000000c6500000, 0x00000000c6600000|  0%| F|  |TAMS 0x00000000c6500000, 0x00000000c6500000| Untracked 
|  54|0x00000000c6600000, 0x00000000c6600000, 0x00000000c6700000|  0%| F|  |TAMS 0x00000000c6600000, 0x00000000c6600000| Untracked 
|  55|0x00000000c6700000, 0x00000000c6700000, 0x00000000c6800000|  0%| F|  |TAMS 0x00000000c6700000, 0x00000000c6700000| Untracked 
|  56|0x00000000c6800000, 0x00000000c6800000, 0x00000000c6900000|  0%| F|  |TAMS 0x00000000c6800000, 0x00000000c6800000| Untracked 
|  57|0x00000000c6900000, 0x00000000c6900000, 0x00000000c6a00000|  0%| F|  |TAMS 0x00000000c6900000, 0x00000000c6900000| Untracked 
|  58|0x00000000c6a00000, 0x00000000c6a00000, 0x00000000c6b00000|  0%| F|  |TAMS 0x00000000c6a00000, 0x00000000c6a00000| Untracked 
|  59|0x00000000c6b00000, 0x00000000c6b00000, 0x00000000c6c00000|  0%| F|  |TAMS 0x00000000c6b00000, 0x00000000c6b00000| Untracked 
|  60|0x00000000c6c00000, 0x00000000c6c00000, 0x00000000c6d00000|  0%| F|  |TAMS 0x00000000c6c00000, 0x00000000c6c00000| Untracked 
|  61|0x00000000c6d00000, 0x00000000c6d00000, 0x00000000c6e00000|  0%| F|  |TAMS 0x00000000c6d00000, 0x00000000c6d00000| Untracked 
|  62|0x00000000c6e00000, 0x00000000c6e00000, 0x00000000c6f00000|  0%| F|  |TAMS 0x00000000c6e00000, 0x00000000c6e00000| Untracked 
|  63|0x00000000c6f00000, 0x00000000c6f00000, 0x00000000c7000000|  0%| F|  |TAMS 0x00000000c6f00000, 0x00000000c6f00000| Untracked 
|  64|0x00000000c7000000, 0x00000000c7000000, 0x00000000c7100000|  0%| F|  |TAMS 0x00000000c7000000, 0x00000000c7000000| Untracked 
|  65|0x00000000c7100000, 0x00000000c7100000, 0x00000000c7200000|  0%| F|  |TAMS 0x00000000c7100000, 0x00000000c7100000| Untracked 
|  66|0x00000000c7200000, 0x00000000c7200000, 0x00000000c7300000|  0%| F|  |TAMS 0x00000000c7200000, 0x00000000c7200000| Untracked 
|  67|0x00000000c7300000, 0x00000000c7300000, 0x00000000c7400000|  0%| F|  |TAMS 0x00000000c7300000, 0x00000000c7300000| Untracked 
|  68|0x00000000c7400000, 0x00000000c7400000, 0x00000000c7500000|  0%| F|  |TAMS 0x00000000c7400000, 0x00000000c7400000| Untracked 
|  69|0x00000000c7500000, 0x00000000c7500000, 0x00000000c7600000|  0%| F|  |TAMS 0x00000000c7500000, 0x00000000c7500000| Untracked 
|  70|0x00000000c7600000, 0x00000000c7600000, 0x00000000c7700000|  0%| F|  |TAMS 0x00000000c7600000, 0x00000000c7600000| Untracked 
|  71|0x00000000c7700000, 0x00000000c7700000, 0x00000000c7800000|  0%| F|  |TAMS 0x00000000c7700000, 0x00000000c7700000| Untracked 
|  72|0x00000000c7800000, 0x00000000c7800000, 0x00000000c7900000|  0%| F|  |TAMS 0x00000000c7800000, 0x00000000c7800000| Untracked 
|  73|0x00000000c7900000, 0x00000000c79b5f00, 0x00000000c7a00000| 71%| E|  |TAMS 0x00000000c7900000, 0x00000000c7900000| Complete 
|  74|0x00000000c7a00000, 0x00000000c7b00000, 0x00000000c7b00000|100%| E|CS|TAMS 0x00000000c7a00000, 0x00000000c7a00000| Complete 
|  75|0x00000000c7b00000, 0x00000000c7c00000, 0x00000000c7c00000|100%| E|CS|TAMS 0x00000000c7b00000, 0x00000000c7b00000| Complete 
|  76|0x00000000c7c00000, 0x00000000c7d00000, 0x00000000c7d00000|100%| E|CS|TAMS 0x00000000c7c00000, 0x00000000c7c00000| Complete 
|  77|0x00000000c7d00000, 0x00000000c7e00000, 0x00000000c7e00000|100%| E|CS|TAMS 0x00000000c7d00000, 0x00000000c7d00000| Complete 
|  78|0x00000000c7e00000, 0x00000000c7f00000, 0x00000000c7f00000|100%| E|CS|TAMS 0x00000000c7e00000, 0x00000000c7e00000| Complete 
|  79|0x00000000c7f00000, 0x00000000c8000000, 0x00000000c8000000|100%| E|CS|TAMS 0x00000000c7f00000, 0x00000000c7f00000| Complete 
|  80|0x00000000c8000000, 0x00000000c8100000, 0x00000000c8100000|100%| E|CS|TAMS 0x00000000c8000000, 0x00000000c8000000| Complete 
|  81|0x00000000c8100000, 0x00000000c8200000, 0x00000000c8200000|100%| E|CS|TAMS 0x00000000c8100000, 0x00000000c8100000| Complete 
|  82|0x00000000c8200000, 0x00000000c8300000, 0x00000000c8300000|100%| E|CS|TAMS 0x00000000c8200000, 0x00000000c8200000| Complete 
|  83|0x00000000c8300000, 0x00000000c8400000, 0x00000000c8400000|100%| E|CS|TAMS 0x00000000c8300000, 0x00000000c8300000| Complete 
|  84|0x00000000c8400000, 0x00000000c8500000, 0x00000000c8500000|100%| E|CS|TAMS 0x00000000c8400000, 0x00000000c8400000| Complete 
|  85|0x00000000c8500000, 0x00000000c8600000, 0x00000000c8600000|100%| E|CS|TAMS 0x00000000c8500000, 0x00000000c8500000| Complete 
|  86|0x00000000c8600000, 0x00000000c8700000, 0x00000000c8700000|100%| E|CS|TAMS 0x00000000c8600000, 0x00000000c8600000| Complete 
|  87|0x00000000c8700000, 0x00000000c8800000, 0x00000000c8800000|100%| E|CS|TAMS 0x00000000c8700000, 0x00000000c8700000| Complete 
|  88|0x00000000c8800000, 0x00000000c8900000, 0x00000000c8900000|100%| E|CS|TAMS 0x00000000c8800000, 0x00000000c8800000| Complete 
|  89|0x00000000c8900000, 0x00000000c8a00000, 0x00000000c8a00000|100%| E|CS|TAMS 0x00000000c8900000, 0x00000000c8900000| Complete 
|  90|0x00000000c8a00000, 0x00000000c8b00000, 0x00000000c8b00000|100%| E|CS|TAMS 0x00000000c8a00000, 0x00000000c8a00000| Complete 
|  91|0x00000000c8b00000, 0x00000000c8c00000, 0x00000000c8c00000|100%| E|CS|TAMS 0x00000000c8b00000, 0x00000000c8b00000| Complete 
|  92|0x00000000c8c00000, 0x00000000c8d00000, 0x00000000c8d00000|100%| E|CS|TAMS 0x00000000c8c00000, 0x00000000c8c00000| Complete 
|  93|0x00000000c8d00000, 0x00000000c8e00000, 0x00000000c8e00000|100%| E|CS|TAMS 0x00000000c8d00000, 0x00000000c8d00000| Complete 
|  94|0x00000000c8e00000, 0x00000000c8f00000, 0x00000000c8f00000|100%| E|CS|TAMS 0x00000000c8e00000, 0x00000000c8e00000| Complete 
|  95|0x00000000c8f00000, 0x00000000c9000000, 0x00000000c9000000|100%| E|CS|TAMS 0x00000000c8f00000, 0x00000000c8f00000| Complete 
|  96|0x00000000c9000000, 0x00000000c9100000, 0x00000000c9100000|100%| E|CS|TAMS 0x00000000c9000000, 0x00000000c9000000| Complete 
|  97|0x00000000c9100000, 0x00000000c9200000, 0x00000000c9200000|100%| E|CS|TAMS 0x00000000c9100000, 0x00000000c9100000| Complete 
|  98|0x00000000c9200000, 0x00000000c9300000, 0x00000000c9300000|100%| E|CS|TAMS 0x00000000c9200000, 0x00000000c9200000| Complete 
|  99|0x00000000c9300000, 0x00000000c9400000, 0x00000000c9400000|100%| E|CS|TAMS 0x00000000c9300000, 0x00000000c9300000| Complete 
| 100|0x00000000c9400000, 0x00000000c9500000, 0x00000000c9500000|100%| E|CS|TAMS 0x00000000c9400000, 0x00000000c9400000| Complete 
| 101|0x00000000c9500000, 0x00000000c9600000, 0x00000000c9600000|100%| E|CS|TAMS 0x00000000c9500000, 0x00000000c9500000| Complete 
| 102|0x00000000c9600000, 0x00000000c9700000, 0x00000000c9700000|100%| E|CS|TAMS 0x00000000c9600000, 0x00000000c9600000| Complete 
| 103|0x00000000c9700000, 0x00000000c9800000, 0x00000000c9800000|100%| E|CS|TAMS 0x00000000c9700000, 0x00000000c9700000| Complete 
| 104|0x00000000c9800000, 0x00000000c9900000, 0x00000000c9900000|100%| E|CS|TAMS 0x00000000c9800000, 0x00000000c9800000| Complete 
| 105|0x00000000c9900000, 0x00000000c9a00000, 0x00000000c9a00000|100%| E|CS|TAMS 0x00000000c9900000, 0x00000000c9900000| Complete 
| 106|0x00000000c9a00000, 0x00000000c9b00000, 0x00000000c9b00000|100%| E|CS|TAMS 0x00000000c9a00000, 0x00000000c9a00000| Complete 
| 107|0x00000000c9b00000, 0x00000000c9c00000, 0x00000000c9c00000|100%| E|CS|TAMS 0x00000000c9b00000, 0x00000000c9b00000| Complete 
| 108|0x00000000c9c00000, 0x00000000c9d00000, 0x00000000c9d00000|100%| E|CS|TAMS 0x00000000c9c00000, 0x00000000c9c00000| Complete 
| 109|0x00000000c9d00000, 0x00000000c9e00000, 0x00000000c9e00000|100%| E|CS|TAMS 0x00000000c9d00000, 0x00000000c9d00000| Complete 
| 110|0x00000000c9e00000, 0x00000000c9f00000, 0x00000000c9f00000|100%| E|CS|TAMS 0x00000000c9e00000, 0x00000000c9e00000| Complete 
| 111|0x00000000c9f00000, 0x00000000ca000000, 0x00000000ca000000|100%| E|CS|TAMS 0x00000000c9f00000, 0x00000000c9f00000| Complete 
| 236|0x00000000d1c00000, 0x00000000d1d00000, 0x00000000d1d00000|100%| E|CS|TAMS 0x00000000d1c00000, 0x00000000d1c00000| Complete 
| 237|0x00000000d1d00000, 0x00000000d1e00000, 0x00000000d1e00000|100%| E|CS|TAMS 0x00000000d1d00000, 0x00000000d1d00000| Complete 
| 238|0x00000000d1e00000, 0x00000000d1f00000, 0x00000000d1f00000|100%| E|CS|TAMS 0x00000000d1e00000, 0x00000000d1e00000| Complete 
| 239|0x00000000d1f00000, 0x00000000d2000000, 0x00000000d2000000|100%| E|CS|TAMS 0x00000000d1f00000, 0x00000000d1f00000| Complete 
| 240|0x00000000d2000000, 0x00000000d2100000, 0x00000000d2100000|100%| E|CS|TAMS 0x00000000d2000000, 0x00000000d2000000| Complete 
| 241|0x00000000d2100000, 0x00000000d2200000, 0x00000000d2200000|100%| E|CS|TAMS 0x00000000d2100000, 0x00000000d2100000| Complete 
| 242|0x00000000d2200000, 0x00000000d2300000, 0x00000000d2300000|100%| E|CS|TAMS 0x00000000d2200000, 0x00000000d2200000| Complete 
| 243|0x00000000d2300000, 0x00000000d2400000, 0x00000000d2400000|100%| E|CS|TAMS 0x00000000d2300000, 0x00000000d2300000| Complete 

Card table byte_map: [0x0000023df1df0000,0x0000023df1fe0000] _byte_map_base: 0x0000023df17d8000

Marking Bits (Prev, Next): (CMBitMap*) 0x0000023dee25ee20, (CMBitMap*) 0x0000023dee25ee60
 Prev Bits: [0x0000023df21d0000, 0x0000023df3110000)
 Next Bits: [0x0000023df3110000, 0x0000023df4050000)

Polling page: 0x0000023ded9e0000

Metaspace:

Usage:
  Non-class:     68.24 MB used.
      Class:      9.70 MB used.
       Both:     77.94 MB used.

Virtual space:
  Non-class space:      128.00 MB reserved,      68.62 MB ( 54%) committed,  2 nodes.
      Class space:        1.00 GB reserved,      10.00 MB ( <1%) committed,  1 nodes.
             Both:        1.12 GB reserved,      78.62 MB (  7%) committed. 

Chunk freelists:
   Non-Class:  11.05 MB
       Class:  6.01 MB
        Both:  17.06 MB

MaxMetaspaceSize: unlimited
CompressedClassSpaceSize: 1.00 GB
Initial GC threshold: 21.00 MB
Current GC threshold: 130.94 MB
CDS: off
MetaspaceReclaimPolicy: balanced
 - commit_granule_bytes: 65536.
 - commit_granule_words: 8192.
 - virtual_space_node_default_size: 8388608.
 - enlarge_chunks_in_place: 1.
 - new_chunks_are_fully_committed: 0.
 - uncommit_free_chunks: 1.
 - use_allocation_guard: 0.
 - handle_deallocations: 1.


Internal statistics:

num_allocs_failed_limit: 8.
num_arena_births: 964.
num_arena_deaths: 350.
num_vsnodes_births: 3.
num_vsnodes_deaths: 0.
num_space_committed: 1258.
num_space_uncommitted: 0.
num_chunks_returned_to_freelist: 428.
num_chunks_taken_from_freelist: 3611.
num_chunk_merges: 138.
num_chunk_splits: 2443.
num_chunks_enlarged: 1842.
num_inconsistent_stats: 0.

CodeHeap 'non-profiled nmethods': size=120000Kb used=6784Kb max_used=6784Kb free=113215Kb
 bounds [0x0000023d87ad0000, 0x0000023d88180000, 0x0000023d8f000000]
CodeHeap 'profiled nmethods': size=120000Kb used=19153Kb max_used=20115Kb free=100846Kb
 bounds [0x0000023d80000000, 0x0000023d813e0000, 0x0000023d87530000]
CodeHeap 'non-nmethods': size=5760Kb used=1366Kb max_used=1444Kb free=4393Kb
 bounds [0x0000023d87530000, 0x0000023d877a0000, 0x0000023d87ad0000]
 total_blobs=10343 nmethods=9640 adapters=613
 compilation: enabled
              stopped_count=0, restarted_count=0
 full_count=0

Compilation events (20 events):
Event: 2842.609 Thread 0x0000023df6be75a0 nmethod 11701 0x0000023d8816aa10 code [0x0000023d8816aba0, 0x0000023d8816ad58]
Event: 2842.609 Thread 0x0000023df6be75a0 11697       4       java.util.TreeMap$ValueIterator::next (8 bytes)
Event: 2842.616 Thread 0x0000023df6be75a0 nmethod 11697 0x0000023d8816af90 code [0x0000023d8816b120, 0x0000023d8816b458]
Event: 2842.616 Thread 0x0000023df6be75a0 11648       4       org.apache.catalina.core.StandardWrapperFacade::getServletName (10 bytes)
Event: 2842.620 Thread 0x0000023df6be75a0 nmethod 11648 0x0000023d8816b610 code [0x0000023d8816b780, 0x0000023d8816b838]
Event: 2842.620 Thread 0x0000023df6be75a0 11644       4       org.springframework.http.converter.ByteArrayHttpMessageConverter::supports (12 bytes)
Event: 2842.621 Thread 0x0000023df6be75a0 nmethod 11644 0x0000023d8816b910 code [0x0000023d8816ba80, 0x0000023d8816bb18]
Event: 2842.621 Thread 0x0000023df6be75a0 11647   !   4       org.springframework.web.util.UrlPathHelper::decodeInternal (50 bytes)
Event: 2842.635 Thread 0x0000023df6be75a0 nmethod 11647 0x0000023d8816bc10 code [0x0000023d8816bde0, 0x0000023d8816c288]
Event: 2842.635 Thread 0x0000023df6be75a0 11649       4       org.springframework.util.ClassUtils::getDescriptiveType (96 bytes)
Event: 2842.681 Thread 0x0000023df6be75a0 nmethod 11649 0x0000023d8816c790 code [0x0000023d8816c9e0, 0x0000023d8816d430]
Event: 2842.681 Thread 0x0000023df6be75a0 11707       4       org.springframework.http.server.ServletServerHttpResponse::lambda$writeHeaders$0 (43 bytes)
Event: 2842.686 Thread 0x0000023df6a9f020 11708       3       java.util.concurrent.ConcurrentHashMap::sumCount (60 bytes)
Event: 2842.687 Thread 0x0000023df6a9f020 nmethod 11708 0x0000023d80513f90 code [0x0000023d80514140, 0x0000023d80514398]
Event: 2842.700 Thread 0x0000023df6be75a0 nmethod 11707 0x0000023d8816df10 code [0x0000023d8816e0c0, 0x0000023d8816e5a8]
Event: 2842.700 Thread 0x0000023df6be75a0 11706       4       org.springframework.http.server.ServletServerHttpResponse$$Lambda$1386/0x0000000100980268::accept (16 bytes)
Event: 2842.715 Thread 0x0000023df6be75a0 nmethod 11706 0x0000023d8816ed10 code [0x0000023d8816eee0, 0x0000023d8816f448]
Event: 2842.715 Thread 0x0000023df6be75a0 11709       4       org.apache.catalina.connector.Response::getResponse (39 bytes)
Event: 2842.720 Thread 0x0000023df6be75a0 nmethod 11709 0x0000023d8816fc10 code [0x0000023d8816fda0, 0x0000023d88170058]
Event: 2842.720 Thread 0x0000023df6be75a0 11705   !   4       org.springframework.web.servlet.mvc.method.annotation.RequestMappingHandlerAdapter::handleInternal (129 bytes)

GC Heap History (20 events):
Event: 2807.975 GC heap before
{Heap before GC invocations=68 (full 0):
 garbage-first heap   total 106496K, used 89211K [0x00000000c3000000, 0x0000000100000000)
  region size 1024K, 62 young (63488K), 1 survivors (1024K)
 Metaspace       used 79852K, committed 80448K, reserved 1179648K
  class space    used 9955K, committed 10240K, reserved 1048576K
}
Event: 2807.980 GC heap after
{Heap after GC invocations=69 (full 0):
 garbage-first heap   total 106496K, used 27715K [0x00000000c3000000, 0x0000000100000000)
  region size 1024K, 1 young (1024K), 1 survivors (1024K)
 Metaspace       used 79852K, committed 80448K, reserved 1179648K
  class space    used 9955K, committed 10240K, reserved 1048576K
}
Event: 2808.070 GC heap before
{Heap before GC invocations=69 (full 0):
 garbage-first heap   total 106496K, used 31811K [0x00000000c3000000, 0x0000000100000000)
  region size 1024K, 5 young (5120K), 1 survivors (1024K)
 Metaspace       used 79852K, committed 80448K, reserved 1179648K
  class space    used 9955K, committed 10240K, reserved 1048576K
}
Event: 2808.086 GC heap after
{Heap after GC invocations=70 (full 0):
 garbage-first heap   total 106496K, used 27408K [0x00000000c3000000, 0x0000000100000000)
  region size 1024K, 1 young (1024K), 1 survivors (1024K)
 Metaspace       used 79852K, committed 80448K, reserved 1179648K
  class space    used 9955K, committed 10240K, reserved 1048576K
}
Event: 2809.578 GC heap before
{Heap before GC invocations=70 (full 0):
 garbage-first heap   total 106496K, used 88848K [0x00000000c3000000, 0x0000000100000000)
  region size 1024K, 62 young (63488K), 1 survivors (1024K)
 Metaspace       used 79852K, committed 80448K, reserved 1179648K
  class space    used 9955K, committed 10240K, reserved 1048576K
}
Event: 2809.584 GC heap after
{Heap after GC invocations=71 (full 0):
 garbage-first heap   total 106496K, used 27463K [0x00000000c3000000, 0x0000000100000000)
  region size 1024K, 1 young (1024K), 1 survivors (1024K)
 Metaspace       used 79852K, committed 80448K, reserved 1179648K
  class space    used 9955K, committed 10240K, reserved 1048576K
}
Event: 2821.432 GC heap before
{Heap before GC invocations=72 (full 0):
 garbage-first heap   total 106496K, used 88903K [0x00000000c3000000, 0x0000000100000000)
  region size 1024K, 62 young (63488K), 1 survivors (1024K)
 Metaspace       used 79799K, committed 80448K, reserved 1179648K
  class space    used 9934K, committed 10240K, reserved 1048576K
}
Event: 2821.446 GC heap after
{Heap after GC invocations=73 (full 0):
 garbage-first heap   total 106496K, used 27496K [0x00000000c3000000, 0x0000000100000000)
  region size 1024K, 1 young (1024K), 1 survivors (1024K)
 Metaspace       used 79799K, committed 80448K, reserved 1179648K
  class space    used 9934K, committed 10240K, reserved 1048576K
}
Event: 2821.577 GC heap before
{Heap before GC invocations=73 (full 0):
 garbage-first heap   total 106496K, used 31592K [0x00000000c3000000, 0x0000000100000000)
  region size 1024K, 5 young (5120K), 1 survivors (1024K)
 Metaspace       used 79799K, committed 80448K, reserved 1179648K
  class space    used 9934K, committed 10240K, reserved 1048576K
}
Event: 2821.629 GC heap after
{Heap after GC invocations=74 (full 0):
 garbage-first heap   total 106496K, used 27203K [0x00000000c3000000, 0x0000000100000000)
  region size 1024K, 1 young (1024K), 1 survivors (1024K)
 Metaspace       used 79799K, committed 80448K, reserved 1179648K
  class space    used 9934K, committed 10240K, reserved 1048576K
}
Event: 2823.959 GC heap before
{Heap before GC invocations=74 (full 0):
 garbage-first heap   total 106496K, used 88643K [0x00000000c3000000, 0x0000000100000000)
  region size 1024K, 62 young (63488K), 1 survivors (1024K)
 Metaspace       used 79799K, committed 80448K, reserved 1179648K
  class space    used 9934K, committed 10240K, reserved 1048576K
}
Event: 2823.992 GC heap after
{Heap after GC invocations=75 (full 0):
 garbage-first heap   total 249856K, used 27269K [0x00000000c3000000, 0x0000000100000000)
  region size 1024K, 1 young (1024K), 1 survivors (1024K)
 Metaspace       used 79799K, committed 80448K, reserved 1179648K
  class space    used 9934K, committed 10240K, reserved 1048576K
}
Event: 2827.783 GC heap before
{Heap before GC invocations=76 (full 0):
 garbage-first heap   total 122880K, used 98949K [0x00000000c3000000, 0x0000000100000000)
  region size 1024K, 72 young (73728K), 1 survivors (1024K)
 Metaspace       used 79799K, committed 80448K, reserved 1179648K
  class space    used 9934K, committed 10240K, reserved 1048576K
}
Event: 2827.788 GC heap after
{Heap after GC invocations=77 (full 0):
 garbage-first heap   total 122880K, used 27202K [0x00000000c3000000, 0x0000000100000000)
  region size 1024K, 1 young (1024K), 1 survivors (1024K)
 Metaspace       used 79799K, committed 80448K, reserved 1179648K
  class space    used 9934K, committed 10240K, reserved 1048576K
}
Event: 2828.150 GC heap before
{Heap before GC invocations=77 (full 0):
 garbage-first heap   total 122880K, used 31298K [0x00000000c3000000, 0x0000000100000000)
  region size 1024K, 6 young (6144K), 1 survivors (1024K)
 Metaspace       used 79799K, committed 80448K, reserved 1179648K
  class space    used 9934K, committed 10240K, reserved 1048576K
}
Event: 2828.164 GC heap after
{Heap after GC invocations=78 (full 0):
 garbage-first heap   total 122880K, used 27163K [0x00000000c3000000, 0x0000000100000000)
  region size 1024K, 1 young (1024K), 1 survivors (1024K)
 Metaspace       used 79799K, committed 80448K, reserved 1179648K
  class space    used 9934K, committed 10240K, reserved 1048576K
}
Event: 2836.094 GC heap before
{Heap before GC invocations=78 (full 0):
 garbage-first heap   total 122880K, used 98843K [0x00000000c3000000, 0x0000000100000000)
  region size 1024K, 72 young (73728K), 1 survivors (1024K)
 Metaspace       used 79803K, committed 80448K, reserved 1179648K
  class space    used 9934K, committed 10240K, reserved 1048576K
}
Event: 2836.139 GC heap after
{Heap after GC invocations=79 (full 0):
 garbage-first heap   total 122880K, used 27228K [0x00000000c3000000, 0x0000000100000000)
  region size 1024K, 1 young (1024K), 1 survivors (1024K)
 Metaspace       used 79803K, committed 80448K, reserved 1179648K
  class space    used 9934K, committed 10240K, reserved 1048576K
}
Event: 2841.273 GC heap before
{Heap before GC invocations=80 (full 0):
 garbage-first heap   total 122880K, used 99932K [0x00000000c3000000, 0x0000000100000000)
  region size 1024K, 72 young (73728K), 1 survivors (1024K)
 Metaspace       used 79812K, committed 80512K, reserved 1179648K
  class space    used 9935K, committed 10240K, reserved 1048576K
}
Event: 2841.301 GC heap after
{Heap after GC invocations=81 (full 0):
 garbage-first heap   total 122880K, used 27290K [0x00000000c3000000, 0x0000000100000000)
  region size 1024K, 1 young (1024K), 1 survivors (1024K)
 Metaspace       used 79812K, committed 80512K, reserved 1179648K
  class space    used 9935K, committed 10240K, reserved 1048576K
}

Dll operation events (9 events):
Event: 0.018 Loaded shared library D:\STS\sts-4.19.1.RELEASE\plugins\org.eclipse.justj.openjdk.hotspot.jre.full.win32.x86_64_17.0.7.v20230425-1502\jre\bin\java.dll
Event: 0.234 Loaded shared library D:\STS\sts-4.19.1.RELEASE\plugins\org.eclipse.justj.openjdk.hotspot.jre.full.win32.x86_64_17.0.7.v20230425-1502\jre\bin\net.dll
Event: 0.236 Loaded shared library D:\STS\sts-4.19.1.RELEASE\plugins\org.eclipse.justj.openjdk.hotspot.jre.full.win32.x86_64_17.0.7.v20230425-1502\jre\bin\nio.dll
Event: 0.247 Loaded shared library D:\STS\sts-4.19.1.RELEASE\plugins\org.eclipse.justj.openjdk.hotspot.jre.full.win32.x86_64_17.0.7.v20230425-1502\jre\bin\zip.dll
Event: 0.505 Loaded shared library D:\STS\sts-4.19.1.RELEASE\plugins\org.eclipse.justj.openjdk.hotspot.jre.full.win32.x86_64_17.0.7.v20230425-1502\jre\bin\jimage.dll
Event: 1.247 Loaded shared library D:\STS\sts-4.19.1.RELEASE\plugins\org.eclipse.justj.openjdk.hotspot.jre.full.win32.x86_64_17.0.7.v20230425-1502\jre\bin\management.dll
Event: 1.254 Loaded shared library D:\STS\sts-4.19.1.RELEASE\plugins\org.eclipse.justj.openjdk.hotspot.jre.full.win32.x86_64_17.0.7.v20230425-1502\jre\bin\management_ext.dll
Event: 5.391 Loaded shared library D:\STS\sts-4.19.1.RELEASE\plugins\org.eclipse.justj.openjdk.hotspot.jre.full.win32.x86_64_17.0.7.v20230425-1502\jre\bin\sunmscapi.dll
Event: 6.450 Loaded shared library D:\STS\sts-4.19.1.RELEASE\plugins\org.eclipse.justj.openjdk.hotspot.jre.full.win32.x86_64_17.0.7.v20230425-1502\jre\bin\verify.dll

Deoptimization events (20 events):
Event: 2833.110 Thread 0x0000023dfb61d8c0 Uncommon trap: reason=profile_predicate action=maybe_recompile pc=0x0000023d8809f6b4 method=org.apache.catalina.core.ApplicationFilterFactory.createFilterChain(Ljakarta/servlet/ServletRequest;Lorg/apache/catalina/Wrapper;Ljakarta/servlet/Servlet;)Lorg/apa
Event: 2833.110 Thread 0x0000023dfb61ca50 Uncommon trap: reason=profile_predicate action=maybe_recompile pc=0x0000023d8809f6b4 method=org.apache.catalina.core.ApplicationFilterFactory.createFilterChain(Ljakarta/servlet/ServletRequest;Lorg/apache/catalina/Wrapper;Ljakarta/servlet/Servlet;)Lorg/apa
Event: 2833.110 Thread 0x0000023dfb61e260 Uncommon trap: reason=profile_predicate action=maybe_recompile pc=0x0000023d8809f6b4 method=org.apache.catalina.core.ApplicationFilterFactory.createFilterChain(Ljakarta/servlet/ServletRequest;Lorg/apache/catalina/Wrapper;Ljakarta/servlet/Servlet;)Lorg/apa
Event: 2833.110 Thread 0x0000023dfd1f5460 Uncommon trap: reason=profile_predicate action=maybe_recompile pc=0x0000023d8809f6b4 method=org.apache.catalina.core.ApplicationFilterFactory.createFilterChain(Ljakarta/servlet/ServletRequest;Lorg/apache/catalina/Wrapper;Ljakarta/servlet/Servlet;)Lorg/apa
Event: 2833.110 Thread 0x0000023dfd1f2440 Uncommon trap: reason=profile_predicate action=maybe_recompile pc=0x0000023d8809f6b4 method=org.apache.catalina.core.ApplicationFilterFactory.createFilterChain(Ljakarta/servlet/ServletRequest;Lorg/apache/catalina/Wrapper;Ljakarta/servlet/Servlet;)Lorg/apa
Event: 2833.110 Thread 0x0000023dfb61ad70 Uncommon trap: reason=profile_predicate action=maybe_recompile pc=0x0000023d8809f6b4 method=org.apache.catalina.core.ApplicationFilterFactory.createFilterChain(Ljakarta/servlet/ServletRequest;Lorg/apache/catalina/Wrapper;Ljakarta/servlet/Servlet;)Lorg/apa
Event: 2833.111 Thread 0x0000023dfb61ad70 DEOPT PACKING pc=0x0000023d8809f6b4 sp=0x000000c9bc8fe360
Event: 2833.111 Thread 0x0000023dfd1f5460 DEOPT PACKING pc=0x0000023d8809f6b4 sp=0x000000c9bc9fe000
Event: 2833.111 Thread 0x0000023dfd1f2440 DEOPT PACKING pc=0x0000023d8809f6b4 sp=0x000000c9bcafe4b0
Event: 2833.111 Thread 0x0000023dfb61d8c0 DEOPT PACKING pc=0x0000023d8809f6b4 sp=0x000000c9bc3fe210
Event: 2833.111 Thread 0x0000023dfb61e260 DEOPT PACKING pc=0x0000023d8809f6b4 sp=0x000000c9bc5fe220
Event: 2833.111 Thread 0x0000023dfb61ca50 DEOPT PACKING pc=0x0000023d8809f6b4 sp=0x000000c9bc4fdde0
Event: 2833.114 Thread 0x0000023dfb61d8c0 DEOPT UNPACKING pc=0x0000023d875869a3 sp=0x000000c9bc3fe1e0 mode 2
Event: 2833.114 Thread 0x0000023dfd1f2440 DEOPT UNPACKING pc=0x0000023d875869a3 sp=0x000000c9bcafe480 mode 2
Event: 2833.116 Thread 0x0000023dfb61ad70 DEOPT UNPACKING pc=0x0000023d875869a3 sp=0x000000c9bc8fe330 mode 2
Event: 2833.117 Thread 0x0000023dfb61ca50 DEOPT UNPACKING pc=0x0000023d875869a3 sp=0x000000c9bc4fddb0 mode 2
Event: 2833.120 Thread 0x0000023dfb61e260 DEOPT UNPACKING pc=0x0000023d875869a3 sp=0x000000c9bc5fe1f0 mode 2
Event: 2833.122 Thread 0x0000023dfd1f5460 DEOPT UNPACKING pc=0x0000023d875869a3 sp=0x000000c9bc9fdfd0 mode 2
Event: 2839.394 Thread 0x0000023dfb61bbe0 DEOPT PACKING pc=0x0000023d81228a16 sp=0x000000c9bc0fea30
Event: 2839.401 Thread 0x0000023dfb61bbe0 DEOPT UNPACKING pc=0x0000023d87587143 sp=0x000000c9bc0fde78 mode 0

Classes unloaded (20 events):
Event: 2809.648 Thread 0x0000023df6a04480 Unloading class 0x000000010008bc00 'java/lang/invoke/LambdaForm$MH+0x000000010008bc00'
Event: 2809.648 Thread 0x0000023df6a04480 Unloading class 0x000000010008c000 'java/lang/invoke/LambdaForm$MH+0x000000010008c000'
Event: 2809.648 Thread 0x0000023df6a04480 Unloading class 0x00000001001acc00 'java/lang/invoke/LambdaForm$MH+0x00000001001acc00'
Event: 2809.648 Thread 0x0000023df6a04480 Unloading class 0x000000010030d000 'java/lang/invoke/LambdaForm$MH+0x000000010030d000'
Event: 2809.648 Thread 0x0000023df6a04480 Unloading class 0x0000000100198000 'java/lang/invoke/LambdaForm$MH+0x0000000100198000'
Event: 2809.648 Thread 0x0000023df6a04480 Unloading class 0x00000001002a0400 'java/lang/invoke/LambdaForm$MH+0x00000001002a0400'
Event: 2809.648 Thread 0x0000023df6a04480 Unloading class 0x000000010031a800 'java/lang/invoke/LambdaForm$MH+0x000000010031a800'
Event: 2809.648 Thread 0x0000023df6a04480 Unloading class 0x0000000100330000 'java/lang/invoke/LambdaForm$MH+0x0000000100330000'
Event: 2809.648 Thread 0x0000023df6a04480 Unloading class 0x0000000100390000 'java/lang/invoke/LambdaForm$MH+0x0000000100390000'
Event: 2809.648 Thread 0x0000023df6a04480 Unloading class 0x0000000100392c00 'java/lang/invoke/LambdaForm$MH+0x0000000100392c00'
Event: 2809.648 Thread 0x0000023df6a04480 Unloading class 0x0000000100393800 'java/lang/invoke/LambdaForm$MH+0x0000000100393800'
Event: 2809.648 Thread 0x0000023df6a04480 Unloading class 0x0000000100394c00 'java/lang/invoke/LambdaForm$MH+0x0000000100394c00'
Event: 2809.648 Thread 0x0000023df6a04480 Unloading class 0x0000000100395c00 'java/lang/invoke/LambdaForm$MH+0x0000000100395c00'
Event: 2809.648 Thread 0x0000023df6a04480 Unloading class 0x0000000100396400 'java/lang/invoke/LambdaForm$MH+0x0000000100396400'
Event: 2809.648 Thread 0x0000023df6a04480 Unloading class 0x00000001003a1c00 'java/lang/invoke/LambdaForm$MH+0x00000001003a1c00'
Event: 2809.648 Thread 0x0000023df6a04480 Unloading class 0x0000000100440400 'java/lang/invoke/LambdaForm$MH+0x0000000100440400'
Event: 2809.648 Thread 0x0000023df6a04480 Unloading class 0x0000000100411000 'java/lang/invoke/LambdaForm$MH+0x0000000100411000'
Event: 2809.648 Thread 0x0000023df6a04480 Unloading class 0x0000000100410800 'java/lang/invoke/LambdaForm$MH+0x0000000100410800'
Event: 2809.648 Thread 0x0000023df6a04480 Unloading class 0x0000000100442800 'java/lang/invoke/LambdaForm$MH+0x0000000100442800'
Event: 2809.648 Thread 0x0000023df6a04480 Unloading class 0x00000001003f1000 'java/lang/invoke/LambdaForm$MH+0x00000001003f1000'

Classes redefined (0 events):
No events

Internal exceptions (20 events):
Event: 15.219 Thread 0x0000023dfb969ab0 Exception <a 'java/lang/IncompatibleClassChangeError'{0x00000000c5376478}: Found class java.lang.Object, but interface was expected> (0x00000000c5376478) 
thrown [s\src\hotspot\share\interpreter\linkResolver.cpp, line 826]
Event: 15.444 Thread 0x0000023dfb969ab0 Implicit null exception at 0x0000023d87bf0140 to 0x0000023d87bf0344
Event: 15.677 Thread 0x0000023dfb969ab0 Exception <a 'java/lang/NoSuchMethodError'{0x00000000c5c3af38}: 'java.lang.Object java.lang.invoke.DirectMethodHandle$Holder.newInvokeSpecial(java.lang.Object, java.lang.Object, int, java.lang.Object, java.lang.Object)'> (0x00000000c5c3af38) 
thrown [s\src\hotspot\share\interpreter\linkResolver.cpp, line 759]
Event: 15.678 Thread 0x0000023dfb969ab0 Exception <a 'java/lang/NoSuchMethodError'{0x00000000c5c461d0}: 'java.lang.Object java.lang.invoke.DirectMethodHandle$Holder.invokeSpecial(java.lang.Object, java.lang.Object, int, java.lang.Object, int, java.lang.Object)'> (0x00000000c5c461d0) 
thrown [s\src\hotspot\share\interpreter\linkResolver.cpp, line 759]
Event: 15.678 Thread 0x0000023dfb969ab0 Exception <a 'java/lang/NoSuchMethodError'{0x00000000c5c4e458}: 'java.lang.Object java.lang.invoke.DirectMethodHandle$Holder.newInvokeSpecial(java.lang.Object, java.lang.Object, int, java.lang.Object, int)'> (0x00000000c5c4e458) 
thrown [s\src\hotspot\share\interpreter\linkResolver.cpp, line 759]
Event: 15.679 Thread 0x0000023dfb969ab0 Exception <a 'java/lang/NoSuchMethodError'{0x00000000c5c52558}: 'java.lang.Object java.lang.invoke.DirectMethodHandle$Holder.invokeSpecial(java.lang.Object, java.lang.Object, java.lang.Object, int, java.lang.Object, int)'> (0x00000000c5c52558) 
thrown [s\src\hotspot\share\interpreter\linkResolver.cpp, line 759]
Event: 113.583 Thread 0x0000023dfb61bbe0 Exception <a 'java/lang/NoSuchMethodError'{0x00000000c54be948}: 'java.lang.Object java.lang.invoke.DirectMethodHandle$Holder.invokeSpecial(java.lang.Object, java.lang.Object, java.lang.Object, java.lang.Object, java.lang.Object, long)'> (0x00000000c54be948) 
thrown [s\src\hotspot\share\interpreter\linkResolver.cpp, line 759]
Event: 113.585 Thread 0x0000023dfb61bbe0 Exception <a 'java/lang/NoSuchMethodError'{0x00000000c54c2388}: 'java.lang.Object java.lang.invoke.Invokers$Holder.linkToTargetMethod(java.lang.Object, java.lang.Object, java.lang.Object, long, java.lang.Object)'> (0x00000000c54c2388) 
thrown [s\src\hotspot\share\interpreter\linkResolver.cpp, line 759]
Event: 114.847 Thread 0x0000023dfb61bbe0 Exception <a 'java/lang/NoSuchMethodError'{0x00000000c5b446b8}: 'java.lang.Object java.lang.invoke.DirectMethodHandle$Holder.invokeInterface(java.lang.Object, java.lang.Object, java.lang.Object, java.lang.Object)'> (0x00000000c5b446b8) 
thrown [s\src\hotspot\share\interpreter\linkResolver.cpp, line 759]
Event: 115.503 Thread 0x0000023dfb61bbe0 Exception <a 'java/lang/NoSuchMethodError'{0x00000000c544ee28}: 'java.lang.Object java.lang.invoke.DirectMethodHandle$Holder.newInvokeSpecial(java.lang.Object, java.lang.Object, int)'> (0x00000000c544ee28) 
thrown [s\src\hotspot\share\interpreter\linkResolver.cpp, line 759]
Event: 115.510 Thread 0x0000023dfb61bbe0 Exception <a 'java/lang/NoSuchMethodError'{0x00000000c545d658}: 'void java.lang.invoke.DirectMethodHandle$Holder.invokeSpecialIFC(java.lang.Object, java.lang.Object, int, java.lang.Object, java.lang.Object, java.lang.Object, java.lang.Object)'> (0x00000000c545d658) 
thrown [s\src\hotspot\share\interpreter\linkResolver.cpp, line 759]
Event: 1765.237 Thread 0x0000023dfd1f32b0 Implicit null exception at 0x0000023d87c1c0f6 to 0x0000023d87c1c4ac
Event: 1765.511 Thread 0x0000023dfd1f1100 Exception <a 'java/io/IOException'{0x00000000c54b09a0}> (0x00000000c54b09a0) 
thrown [s\src\hotspot\share\prims\jni.cpp, line 516]
Event: 1765.514 Thread 0x0000023dfd1f1100 Exception <a 'java/io/IOException'{0x00000000c54b14e0}> (0x00000000c54b14e0) 
thrown [s\src\hotspot\share\prims\jni.cpp, line 516]
Event: 2455.413 Thread 0x0000023dfb61ca50 Implicit null exception at 0x0000023d87d8314b to 0x0000023d87d86954
Event: 2456.223 Thread 0x0000023dfb61ca50 Implicit null exception at 0x0000023d87dc3220 to 0x0000023d87dc3e64
Event: 2456.233 Thread 0x0000023dfb61ca50 Implicit null exception at 0x0000023d87d09f40 to 0x0000023d87d0a630
Event: 2456.278 Thread 0x0000023dfb61ca50 Implicit null exception at 0x0000023d87c21896 to 0x0000023d87c21e4c
Event: 2782.261 Thread 0x0000023dfb61ca50 Implicit null exception at 0x0000023d87cc79ab to 0x0000023d87cce54c
Event: 2819.286 Thread 0x0000023dfb61ca50 Implicit null exception at 0x0000023d87cc8480 to 0x0000023d87cccc4c

VM Operations (20 events):
Event: 2835.231 Executing VM operation: Cleanup
Event: 2835.241 Executing VM operation: Cleanup done
Event: 2836.077 Executing VM operation: G1CollectForAllocation
Event: 2836.140 Executing VM operation: G1CollectForAllocation done
Event: 2836.651 Executing VM operation: G1Concurrent
Event: 2836.799 Executing VM operation: G1Concurrent done
Event: 2836.832 Executing VM operation: G1Concurrent
Event: 2836.833 Executing VM operation: G1Concurrent done
Event: 2837.841 Executing VM operation: Cleanup
Event: 2837.842 Executing VM operation: Cleanup done
Event: 2838.853 Executing VM operation: Cleanup
Event: 2838.853 Executing VM operation: Cleanup done
Event: 2839.858 Executing VM operation: Cleanup
Event: 2839.858 Executing VM operation: Cleanup done
Event: 2840.869 Executing VM operation: Cleanup
Event: 2840.869 Executing VM operation: Cleanup done
Event: 2841.273 Executing VM operation: G1CollectForAllocation
Event: 2841.302 Executing VM operation: G1CollectForAllocation done
Event: 2842.307 Executing VM operation: Cleanup
Event: 2842.307 Executing VM operation: Cleanup done

Events (20 events):
Event: 2825.795 Thread 0x0000023df6ab6100 flushing nmethod 0x0000023d810bf810
Event: 2825.795 Thread 0x0000023df6ab6100 flushing nmethod 0x0000023d810c0690
Event: 2825.796 Thread 0x0000023df6ab6100 flushing nmethod 0x0000023d810c1690
Event: 2825.796 Thread 0x0000023df6ab6100 flushing nmethod 0x0000023d810c4a90
Event: 2825.796 Thread 0x0000023df6ab6100 flushing nmethod 0x0000023d810c5710
Event: 2825.796 Thread 0x0000023df6ab6100 flushing nmethod 0x0000023d810cb210
Event: 2825.796 Thread 0x0000023df6ab6100 flushing nmethod 0x0000023d810cb990
Event: 2825.796 Thread 0x0000023df6ab6100 flushing nmethod 0x0000023d810cd790
Event: 2825.796 Thread 0x0000023df6ab6100 flushing nmethod 0x0000023d810de210
Event: 2825.796 Thread 0x0000023df6ab6100 flushing nmethod 0x0000023d810deb90
Event: 2825.796 Thread 0x0000023df6ab6100 flushing nmethod 0x0000023d810ea210
Event: 2825.796 Thread 0x0000023df6ab6100 flushing nmethod 0x0000023d810ebe10
Event: 2825.796 Thread 0x0000023df6ab6100 flushing nmethod 0x0000023d810f2110
Event: 2825.796 Thread 0x0000023df6ab6100 flushing nmethod 0x0000023d810f2a10
Event: 2825.796 Thread 0x0000023df6ab6100 flushing nmethod 0x0000023d810f3990
Event: 2825.796 Thread 0x0000023df6ab6100 flushing nmethod 0x0000023d810f4010
Event: 2837.588 loading class jdk/internal/misc/ScopedMemoryAccess$Scope$Handle
Event: 2837.801 loading class jdk/internal/misc/ScopedMemoryAccess$Scope$Handle done
Event: 2838.904 loading class sun/util/locale/LocaleExtensions
Event: 2839.297 loading class sun/util/locale/LocaleExtensions done


Dynamic libraries:
0x00007ff78a710000 - 0x00007ff78a71e000 	D:\STS\sts-4.19.1.RELEASE\plugins\org.eclipse.justj.openjdk.hotspot.jre.full.win32.x86_64_17.0.7.v20230425-1502\jre\bin\javaw.exe
0x00007ffaecc70000 - 0x00007ffaece87000 	C:\WINDOWS\SYSTEM32\ntdll.dll
0x00007ffaeb8f0000 - 0x00007ffaeb9b4000 	C:\WINDOWS\System32\KERNEL32.DLL
0x00007ffaea550000 - 0x00007ffaea8f5000 	C:\WINDOWS\System32\KERNELBASE.dll
0x00007ffaea2c0000 - 0x00007ffaea3d1000 	C:\WINDOWS\System32\ucrtbase.dll
0x00007ffac8ef0000 - 0x00007ffac8f07000 	D:\STS\sts-4.19.1.RELEASE\plugins\org.eclipse.justj.openjdk.hotspot.jre.full.win32.x86_64_17.0.7.v20230425-1502\jre\bin\jli.dll
0x00007ffacfe80000 - 0x00007ffacfe99000 	D:\STS\sts-4.19.1.RELEASE\plugins\org.eclipse.justj.openjdk.hotspot.jre.full.win32.x86_64_17.0.7.v20230425-1502\jre\bin\VCRUNTIME140.dll
0x00007ffaead00000 - 0x00007ffaeaeae000 	C:\WINDOWS\System32\USER32.dll
0x00007ffaea050000 - 0x00007ffaea076000 	C:\WINDOWS\System32\win32u.dll
0x00007ffacfb80000 - 0x00007ffacfe13000 	C:\WINDOWS\WinSxS\amd64_microsoft.windows.common-controls_6595b64144ccf1df_6.0.22621.2506_none_270c5ae97388e100\COMCTL32.dll
0x00007ffaecb50000 - 0x00007ffaecb79000 	C:\WINDOWS\System32\GDI32.dll
0x00007ffaeac50000 - 0x00007ffaeacf7000 	C:\WINDOWS\System32\msvcrt.dll
0x00007ffaea080000 - 0x00007ffaea199000 	C:\WINDOWS\System32\gdi32full.dll
0x00007ffaea220000 - 0x00007ffaea2ba000 	C:\WINDOWS\System32\msvcp_win.dll
0x00007ffaeaeb0000 - 0x00007ffaeaee1000 	C:\WINDOWS\System32\IMM32.DLL
0x00007ffae3130000 - 0x00007ffae313c000 	D:\STS\sts-4.19.1.RELEASE\plugins\org.eclipse.justj.openjdk.hotspot.jre.full.win32.x86_64_17.0.7.v20230425-1502\jre\bin\vcruntime140_1.dll
0x00007ffaaec80000 - 0x00007ffaaed11000 	D:\STS\sts-4.19.1.RELEASE\plugins\org.eclipse.justj.openjdk.hotspot.jre.full.win32.x86_64_17.0.7.v20230425-1502\jre\bin\msvcp140.dll
0x00007ffa67660000 - 0x00007ffa682a8000 	D:\STS\sts-4.19.1.RELEASE\plugins\org.eclipse.justj.openjdk.hotspot.jre.full.win32.x86_64_17.0.7.v20230425-1502\jre\bin\server\jvm.dll
0x00007ffaeb780000 - 0x00007ffaeb831000 	C:\WINDOWS\System32\ADVAPI32.dll
0x00007ffaecb80000 - 0x00007ffaecc26000 	C:\WINDOWS\System32\sechost.dll
0x00007ffaeaaa0000 - 0x00007ffaeabb7000 	C:\WINDOWS\System32\RPCRT4.dll
0x00007ffae23d0000 - 0x00007ffae2404000 	C:\WINDOWS\SYSTEM32\WINMM.dll
0x00007ffae1bf0000 - 0x00007ffae1bfa000 	C:\WINDOWS\SYSTEM32\VERSION.dll
0x00007ffac78d0000 - 0x00007ffac78d9000 	C:\WINDOWS\SYSTEM32\WSOCK32.dll
0x00007ffaeaef0000 - 0x00007ffaeaf61000 	C:\WINDOWS\System32\WS2_32.dll
0x00007ffae8f80000 - 0x00007ffae8f98000 	C:\WINDOWS\SYSTEM32\kernel.appcore.dll
0x00007ffacfb40000 - 0x00007ffacfb4a000 	D:\STS\sts-4.19.1.RELEASE\plugins\org.eclipse.justj.openjdk.hotspot.jre.full.win32.x86_64_17.0.7.v20230425-1502\jre\bin\jimage.dll
0x00007ffae7930000 - 0x00007ffae7b63000 	C:\WINDOWS\SYSTEM32\DBGHELP.DLL
0x00007ffaebe70000 - 0x00007ffaec1f9000 	C:\WINDOWS\System32\combase.dll
0x00007ffaeca70000 - 0x00007ffaecb47000 	C:\WINDOWS\System32\OLEAUT32.dll
0x00007ffac9a10000 - 0x00007ffac9a42000 	C:\WINDOWS\SYSTEM32\dbgcore.DLL
0x00007ffaea1a0000 - 0x00007ffaea21a000 	C:\WINDOWS\System32\bcryptPrimitives.dll
0x00007ffab8ff0000 - 0x00007ffab9015000 	D:\STS\sts-4.19.1.RELEASE\plugins\org.eclipse.justj.openjdk.hotspot.jre.full.win32.x86_64_17.0.7.v20230425-1502\jre\bin\java.dll
0x00007fface6a0000 - 0x00007fface6b8000 	D:\STS\sts-4.19.1.RELEASE\plugins\org.eclipse.justj.openjdk.hotspot.jre.full.win32.x86_64_17.0.7.v20230425-1502\jre\bin\zip.dll
0x00007ffaec200000 - 0x00007ffaeca59000 	C:\WINDOWS\System32\SHELL32.dll
0x00007ffae7f00000 - 0x00007ffae87f4000 	C:\WINDOWS\SYSTEM32\windows.storage.dll
0x00007ffae7dc0000 - 0x00007ffae7efe000 	C:\WINDOWS\SYSTEM32\wintypes.dll
0x00007ffaeb480000 - 0x00007ffaeb573000 	C:\WINDOWS\System32\SHCORE.dll
0x00007ffaeb680000 - 0x00007ffaeb6de000 	C:\WINDOWS\System32\shlwapi.dll
0x00007ffae9f10000 - 0x00007ffae9f36000 	C:\WINDOWS\SYSTEM32\profapi.dll
0x00007ffacddc0000 - 0x00007ffacddd9000 	D:\STS\sts-4.19.1.RELEASE\plugins\org.eclipse.justj.openjdk.hotspot.jre.full.win32.x86_64_17.0.7.v20230425-1502\jre\bin\net.dll
0x00007ffae21c0000 - 0x00007ffae22f7000 	C:\WINDOWS\SYSTEM32\WINHTTP.dll
0x00007ffae9460000 - 0x00007ffae94c9000 	C:\WINDOWS\system32\mswsock.dll
0x00007ffaa5620000 - 0x00007ffaa5635000 	D:\STS\sts-4.19.1.RELEASE\plugins\org.eclipse.justj.openjdk.hotspot.jre.full.win32.x86_64_17.0.7.v20230425-1502\jre\bin\nio.dll
0x00007ffac8ee0000 - 0x00007ffac8ee9000 	D:\STS\sts-4.19.1.RELEASE\plugins\org.eclipse.justj.openjdk.hotspot.jre.full.win32.x86_64_17.0.7.v20230425-1502\jre\bin\management.dll
0x00007ffac8ed0000 - 0x00007ffac8edb000 	D:\STS\sts-4.19.1.RELEASE\plugins\org.eclipse.justj.openjdk.hotspot.jre.full.win32.x86_64_17.0.7.v20230425-1502\jre\bin\management_ext.dll
0x00007ffaeca60000 - 0x00007ffaeca68000 	C:\WINDOWS\System32\PSAPI.DLL
0x00007ffae96b0000 - 0x00007ffae96cb000 	C:\WINDOWS\SYSTEM32\CRYPTSP.dll
0x00007ffae8f40000 - 0x00007ffae8f75000 	C:\WINDOWS\system32\rsaenh.dll
0x00007ffae9550000 - 0x00007ffae957c000 	C:\WINDOWS\SYSTEM32\USERENV.dll
0x00007ffae98a0000 - 0x00007ffae98c8000 	C:\WINDOWS\SYSTEM32\bcrypt.dll
0x00007ffae96d0000 - 0x00007ffae96dc000 	C:\WINDOWS\SYSTEM32\CRYPTBASE.dll
0x00007ffae8a60000 - 0x00007ffae8a8d000 	C:\WINDOWS\SYSTEM32\IPHLPAPI.DLL
0x00007ffaeac40000 - 0x00007ffaeac49000 	C:\WINDOWS\System32\NSI.dll
0x00007ffae2410000 - 0x00007ffae2429000 	C:\WINDOWS\SYSTEM32\dhcpcsvc6.DLL
0x00007ffae1bc0000 - 0x00007ffae1bdf000 	C:\WINDOWS\SYSTEM32\dhcpcsvc.DLL
0x00007ffae8ad0000 - 0x00007ffae8bc9000 	C:\WINDOWS\SYSTEM32\DNSAPI.dll
0x00007ffac4710000 - 0x00007ffac471e000 	D:\STS\sts-4.19.1.RELEASE\plugins\org.eclipse.justj.openjdk.hotspot.jre.full.win32.x86_64_17.0.7.v20230425-1502\jre\bin\sunmscapi.dll
0x00007ffaea3e0000 - 0x00007ffaea546000 	C:\WINDOWS\System32\CRYPT32.dll
0x00007ffae9870000 - 0x00007ffae989d000 	C:\WINDOWS\SYSTEM32\ncrypt.dll
0x00007ffae9830000 - 0x00007ffae9867000 	C:\WINDOWS\SYSTEM32\NTASN1.dll
0x00007ffac8de0000 - 0x00007ffac8df0000 	D:\STS\sts-4.19.1.RELEASE\plugins\org.eclipse.justj.openjdk.hotspot.jre.full.win32.x86_64_17.0.7.v20230425-1502\jre\bin\verify.dll
0x00007ffae13f0000 - 0x00007ffae13fa000 	C:\Windows\System32\rasadhlp.dll
0x00007ffae0710000 - 0x00007ffae0793000 	C:\WINDOWS\System32\fwpuclnt.dll
0x00007ffabf410000 - 0x00007ffabf418000 	C:\WINDOWS\system32\wshunix.dll

dbghelp: loaded successfully - version: 4.0.5 - missing functions: none
symbol engine: initialized successfully - sym options: 0x614 - pdb path: .;D:\STS\sts-4.19.1.RELEASE\plugins\org.eclipse.justj.openjdk.hotspot.jre.full.win32.x86_64_17.0.7.v20230425-1502\jre\bin;C:\WINDOWS\SYSTEM32;C:\WINDOWS\WinSxS\amd64_microsoft.windows.common-controls_6595b64144ccf1df_6.0.22621.2506_none_270c5ae97388e100;D:\STS\sts-4.19.1.RELEASE\plugins\org.eclipse.justj.openjdk.hotspot.jre.full.win32.x86_64_17.0.7.v20230425-1502\jre\bin\server

VM Arguments:
jvm_args: -Dfile.encoding=UTF-8 -XX:+ShowCodeDetailsInExceptionMessages 
java_command: org.capston.mymovie.MyMoviePlanApplication
java_class_path (initial): D:\Simplilearn\SpringProgramming\MyMoviePlanApplication\target\classes;C:\Users\Chhaya\.m2\repository\org\springframework\boot\spring-boot-starter-data-jpa\3.1.4\spring-boot-starter-data-jpa-3.1.4.jar;C:\Users\Chhaya\.m2\repository\org\springframework\boot\spring-boot-starter-aop\3.1.4\spring-boot-starter-aop-3.1.4.jar;C:\Users\Chhaya\.m2\repository\org\springframework\spring-aop\6.0.12\spring-aop-6.0.12.jar;C:\Users\Chhaya\.m2\repository\org\aspectj\aspectjweaver\1.9.20\aspectjweaver-1.9.20.jar;C:\Users\Chhaya\.m2\repository\org\springframework\boot\spring-boot-starter-jdbc\3.1.4\spring-boot-starter-jdbc-3.1.4.jar;C:\Users\Chhaya\.m2\repository\com\zaxxer\HikariCP\5.0.1\HikariCP-5.0.1.jar;C:\Users\Chhaya\.m2\repository\org\springframework\spring-jdbc\6.0.12\spring-jdbc-6.0.12.jar;C:\Users\Chhaya\.m2\repository\org\hibernate\orm\hibernate-core\6.2.9.Final\hibernate-core-6.2.9.Final.jar;C:\Users\Chhaya\.m2\repository\jakarta\persistence\jakarta.persistence-api\3.1.0\jakarta.persistence-api-3.1.0.jar;C:\Users\Chhaya\.m2\repository\jakarta\transaction\jakarta.transaction-api\2.0.1\jakarta.transaction-api-2.0.1.jar;C:\Users\Chhaya\.m2\repository\org\jboss\logging\jboss-logging\3.5.3.Final\jboss-logging-3.5.3.Final.jar;C:\Users\Chhaya\.m2\repository\org\hibernate\common\hibernate-commons-annotations\6.0.6.Final\hibernate-commons-annotations-6.0.6.Final.jar;C:\Users\Chhaya\.m2\repository\io\smallrye\jandex\3.0.5\jandex-3.0.5.jar;C:\Users\Chhaya\.m2\repository\com\fasterxml\classmate\1.5.1\classmate-1.5.1.jar;C:\Users\Chhaya\.m2\repository\net\bytebuddy\byte-buddy\1.14.8\byte-buddy-1.14.8.jar;C:\Users\Chhaya\.m2\repository\org\glassfish\jaxb\jaxb-runtime\4.0.3\jaxb-runtime-4.0.3.jar;C:\Users\Chhaya\.m2\repository\org\glassfish\jaxb\jaxb-core\4.0.3\jaxb-core-4.0.3.jar;C:\Users\Chhaya\.m2\repository\org\eclipse\angus\angus-activation\2.0.1\angus-activation-2.0.1.jar;C:\Users\Chhaya\.m2\repository\org\glassfish\jaxb\txw2\4.0.3\txw2-4.0.3.jar;C:\Us
Launcher Type: SUN_STANDARD

[Global flags]
     intx CICompilerCount                          = 4                                         {product} {ergonomic}
     uint ConcGCThreads                            = 2                                         {product} {ergonomic}
     uint G1ConcRefinementThreads                  = 8                                         {product} {ergonomic}
   size_t G1HeapRegionSize                         = 1048576                                   {product} {ergonomic}
    uintx GCDrainStackTargetSize                   = 64                                        {product} {ergonomic}
   size_t InitialHeapSize                          = 65011712                                  {product} {ergonomic}
   size_t MarkStackSize                            = 4194304                                   {product} {ergonomic}
   size_t MaxHeapSize                              = 1023410176                                {product} {ergonomic}
   size_t MaxNewSize                               = 613416960                                 {product} {ergonomic}
   size_t MinHeapDeltaBytes                        = 1048576                                   {product} {ergonomic}
   size_t MinHeapSize                              = 8388608                                   {product} {ergonomic}
    uintx NonNMethodCodeHeapSize                   = 5839372                                {pd product} {ergonomic}
    uintx NonProfiledCodeHeapSize                  = 122909434                              {pd product} {ergonomic}
    uintx ProfiledCodeHeapSize                     = 122909434                              {pd product} {ergonomic}
    uintx ReservedCodeCacheSize                    = 251658240                              {pd product} {ergonomic}
     bool SegmentedCodeCache                       = true                                      {product} {ergonomic}
     bool ShowCodeDetailsInExceptionMessages       = true                                   {manageable} {command line}
   size_t SoftMaxHeapSize                          = 1023410176                             {manageable} {ergonomic}
     bool UseCompressedClassPointers               = true                           {product lp64_product} {ergonomic}
     bool UseCompressedOops                        = true                           {product lp64_product} {ergonomic}
     bool UseG1GC                                  = true                                      {product} {ergonomic}
     bool UseLargePagesIndividualAllocation        = false                                  {pd product} {ergonomic}

Logging:
Log output configuration:
 #0: stdout all=warning uptime,level,tags
 #1: stderr all=off uptime,level,tags

Environment Variables:
JAVA_HOME=C:\Program Files\Java\jdk-19
CLASSPATH=C:\oraclexe\app\oracle\product\11.2.0\server\jdbc\lib;
PATH=D:/STS/sts-4.19.1.RELEASE//plugins/org.eclipse.justj.openjdk.hotspot.jre.full.win32.x86_64_17.0.7.v20230425-1502/jre/bin/server;D:/STS/sts-4.19.1.RELEASE//plugins/org.eclipse.justj.openjdk.hotspot.jre.full.win32.x86_64_17.0.7.v20230425-1502/jre/bin;C:\Program Files\Java\jdk-19\bin;C:\Program Files\nodejs\;C:\Program Files\MySQL\MySQL Shell 8.0\bin\;C:\Users\Chhaya\AppData\Local\Microsoft\WindowsApps;c:\Windows\System32;C:\Users\Chhaya\AppData\Local\Programs\Microsoft VS Code\bin;C:\Users\Chhaya\AppData\Roaming\npm;C:\Program Files\nodejs;;D:\STS\sts-4.19.1.RELEASE;
USERNAME=Chhaya
TMPDIR=C:\Users\Public\Documents\Wondershare\CreatorTemp
OS=Windows_NT
PROCESSOR_IDENTIFIER=Intel64 Family 6 Model 142 Stepping 12, GenuineIntel
TMP=C:\Users\Chhaya\AppData\Local\Temp
TEMP=C:\Users\Chhaya\AppData\Local\Temp



---------------  S Y S T E M  ---------------

OS:
 Windows 11 , 64 bit Build 22621 (10.0.22621.2506)
OS uptime: 12 days 22:27 hours

CPU: total 8 (initial active 8) (4 cores per cpu, 2 threads per core) family 6 model 142 stepping 12 microcode 0xea, cx8, cmov, fxsr, ht, mmx, 3dnowpref, sse, sse2, sse3, ssse3, sse4.1, sse4.2, popcnt, lzcnt, tsc, tscinvbit, avx, avx2, aes, erms, clmul, bmi1, bmi2, adx, fma, vzeroupper, clflush, clflushopt

Memory: 4k page, system-wide physical 3899M (14M free)
TotalPageFile size 15675M (AvailPageFile size 3M)
current process WorkingSet (physical memory assigned to process): 161M, peak: 248M
current process commit charge ("private bytes"): 356M, peak: 486M

vm_info: OpenJDK 64-Bit Server VM (17.0.7+7) for windows-amd64 JRE (17.0.7+7), built on Apr 18 2023 22:10:42 by "temurin" with MS VC++ 16.7 (VS2019)

END.
